[11/01/2025 05:42:06] Login efetuado: UserID=2, Nome=Vendedor João, Empresa=Empresa B
[11/01/2025 05:42:23] Login efetuado: UserID=2, Nome=Vendedor João, Empresa=Empresa B
[11/01/2025 05:42:26] Ação: Logout, UsuarioID=2, Nome=Vendedor João, Empresa=Empresa B
[11/01/2025 05:42:35] Ação: Logout, UsuarioID=2, Nome=Vendedor João, Empresa=Empresa B
[11/01/2025 05:42:43] Login efetuado: UserID=2, Nome=Vendedor João, Empresa=Empresa B
[11/01/2025 05:42:46] Ação: Logout, UsuarioID=2, Nome=Vendedor João, Empresa=Empresa B
[11/01/2025 05:42:52] Login efetuado: UserID=2, Nome=Vendedor João, Empresa=Empresa B
[11/01/2025 05:42:54] Ação: Logout, UsuarioID=2, Nome=Vendedor João, Empresa=Empresa B
[11/01/2025 05:44:02] Login efetuado: UserID=4, Nome=Vava, Empresa=Empresa C
[11/01/2025 05:44:16] Ação: Logout, UsuarioID=4, Nome=Vava, Empresa=Empresa C
[11/01/2025 05:44:18] Login efetuado: UserID=2, Nome=Vendedor João, Empresa=Empresa B
[11/01/2025 05:44:21] Ação: Logout, UsuarioID=2, Nome=Vendedor João, Empresa=Empresa B
[11/01/2025 05:44:35] Login efetuado: UserID=2, Nome=Vendedor João, Empresa=Empresa B
[11/01/2025 05:44:38] Ação: Logout, UsuarioID=2, Nome=Vendedor João, Empresa=Empresa B
[11/01/2025 05:45:22] Login efetuado: UserID=2, Nome=Vendedor João, Empresa=Empresa B
[11/01/2025 13:22:41] Login efetuado: UserID=2, Nome=Vendedor João, Empresa=Empresa B
[12/01/2025 04:15:24] Login efetuado: UserID=2, Nome=Vendedor João, Empresa=Empresa B
[12/01/2025 04:27:35] Ação: Logout, UsuarioID=2, Nome=Vendedor João, Empresa=Empresa B
[12/01/2025 04:28:20] Login efetuado: UserID=2, Nome=Vendedor João, Empresa=Empresa B
[12/01/2025 04:29:53] Ação: Logout, UsuarioID=2, Nome=Vendedor João, Empresa=Empresa B
[12/01/2025 04:29:57] Login efetuado: UserID=2, Nome=Vendedor João, Empresa=Empresa B
[12/01/2025 04:30:15] Ação: Logout, UsuarioID=2, Nome=Vendedor João, Empresa=Empresa B
[12/01/2025 04:33:07] Login efetuado: UserID=1, Nome=Luis Silva, Empresa=Promais - Segurança do Trabalho
[12/01/2025 04:33:45] Login efetuado: UserID=1, Nome=Luis Silva, Empresa=Promais - Segurança do Trabalho
[12/01/2025 04:34:01] Login efetuado: UserID=2, Nome=Vendedor João, Empresa=Empresa B
[12/01/2025 04:34:27] Login efetuado: UserID=2, Nome=Vendedor João, Empresa=Empresa B
[12/01/2025 04:34:50] Login efetuado: UserID=2, Nome=Vendedor João, Empresa=Empresa B
[12/01/2025 04:36:40] Ação: Logout, UsuarioID=2, Nome=Vendedor João, Empresa=Empresa B
[12/01/2025 04:39:30] Login efetuado: UserID=1, Nome=Luis Silva, Empresa=Promais - Segurança do Trabalho
[12/01/2025 04:40:18] Login efetuado: UserID=1, Nome=Luis Silva, Empresa=Promais - Segurança do Trabalho
[12/01/2025 04:41:05] Ação: Logout, UsuarioID=2, Nome=Vendedor João, Empresa=Empresa B
[12/01/2025 04:41:07] Login efetuado: UserID=2, Nome=Vendedor João, Empresa=Empresa B
[12/01/2025 04:41:55] Ação: Logout, UsuarioID=2, Nome=Vendedor João, Empresa=Empresa B
[12/01/2025 04:44:15] Login efetuado: UserID=2, Nome=Vendedor João, Empresa=Empresa B
[12/01/2025 04:44:22] Ação: Logout, UsuarioID=2, Nome=Vendedor João, Empresa=Empresa B
[12/01/2025 04:44:32] Login efetuado: UserID=2, Nome=Vendedor João, Empresa=Empresa B
[12/01/2025 16:49:26] Login efetuado: UserID=1, Nome=Luis Silva, Empresa=Promais - Segurança do Trabalho
[04/03/2025 20:13:33] Ação: Logout, UsuarioID=1, Nome=Luis Silva, Empresa=Promais - Segurança do Trabalho
[05/03/2025 04:11:33] Ação: Logout, UsuarioID=2, Nome=Vendedor João, Empresa=Empresa B
