Tentando incluir página: 
- Page: NULL
- ModulesDir: cadastros/
- PageDefault: dash.php
- Diretório atual: C:\xampp\htdocs\promais
- Arquivos no diretório atual:
  * analise_detalhada.php
  * api
  * api.php
  * assets
  * auth.php
  * auth_debug.log
  * cadastros
  * config
  * dash.php
  * documento.txt
  * errors
  * estilo.css
  * img
  * index.php
  * lock.php
  * log_helpers.php
  * login.php
  * logins.log
  * logout.php
  * modules
  * mysql
  * node_modules
  * package-lock.json
  * package.json
  * painel.php
  * painel2.php
  * save_theme.php
  * teste.php
  * teste_db.php
  * teste_relacoes.php
  * usr_json.php
  * usuarios.php
Arquivo não encontrado: .php
Arquivo não encontrado: cadastros/.php
Arquivo não encontrado: dash.php.php
Arquivo não encontrado: C:\xampp\htdocs\promais/.php
Arquivo não encontrado: C:\xampp\htdocs\promais/cadastros/.php
Arquivo não encontrado: C:\xampp\htdocs\promais/dash.php.php
Módulo completamente não encontrado: 
Tentando incluir página: 
- Page: NULL
- ModulesDir: cadastros/
- PageDefault: dash.php
- Diretório atual: C:\xampp\htdocs\promais
- Arquivos no diretório atual:
  * analise_detalhada.php
  * api
  * api.php
  * assets
  * auth.php
  * auth_debug.log
  * cadastros
  * config
  * dash.php
  * documento.txt
  * errors
  * estilo.css
  * img
  * index.php
  * lock.php
  * log_helpers.php
  * login.php
  * logins.log
  * logout.php
  * modules
  * mysql
  * node_modules
  * package-lock.json
  * package.json
  * page_inclusion_debug.log
  * painel.php
  * painel2.php
  * save_theme.php
  * teste.php
  * teste_db.php
  * teste_relacoes.php
  * usr_json.php
  * usuarios.php
Arquivo não encontrado: .php
Arquivo não encontrado: cadastros/.php
Arquivo não encontrado: dash.php.php
Arquivo não encontrado: C:\xampp\htdocs\promais/.php
Arquivo não encontrado: C:\xampp\htdocs\promais/cadastros/.php
Arquivo não encontrado: C:\xampp\htdocs\promais/dash.php.php
Módulo completamente não encontrado: 
Tentando incluir página: 
- Page: NULL
- ModulesDir: cadastros/
- PageDefault: dash.php
- Diretório atual: C:\xampp\htdocs\promais
- Arquivos no diretório atual:
  * analise_detalhada.php
  * api
  * api.php
  * assets
  * auth.php
  * auth_debug.log
  * cadastros
  * config
  * dash.php
  * documento.txt
  * errors
  * estilo.css
  * img
  * index.php
  * lock.php
  * log_helpers.php
  * login.php
  * logins.log
  * logout.php
  * modules
  * mysql
  * node_modules
  * package-lock.json
  * package.json
  * page_inclusion_debug.log
  * painel.php
  * painel2.php
  * save_theme.php
  * teste.php
  * teste_db.php
  * teste_relacoes.php
  * usr_json.php
  * usuarios.php
Arquivo não encontrado: .php
Arquivo não encontrado: cadastros/.php
Arquivo não encontrado: dash.php.php
Arquivo não encontrado: C:\xampp\htdocs\promais/.php
Arquivo não encontrado: C:\xampp\htdocs\promais/cadastros/.php
Arquivo não encontrado: C:\xampp\htdocs\promais/dash.php.php
Módulo completamente não encontrado: 
Tentando incluir página: 
- Page: NULL
- ModulesDir: cadastros/
- PageDefault: dash.php
- Diretório atual: C:\xampp\htdocs\promais
- Arquivos no diretório atual:
  * analise_detalhada.php
  * api
  * api.php
  * assets
  * auth.php
  * auth_debug.log
  * cadastros
  * config
  * dash.php
  * documento.txt
  * errors
  * estilo.css
  * img
  * index.php
  * lock.php
  * log_helpers.php
  * login.php
  * logins.log
  * logout.php
  * modules
  * mysql
  * node_modules
  * package-lock.json
  * package.json
  * page_inclusion_debug.log
  * painel.php
  * painel2.php
  * save_theme.php
  * teste.php
  * teste_db.php
  * teste_relacoes.php
  * usr_json.php
  * usuarios.php
Arquivo não encontrado: .php
Arquivo não encontrado: cadastros/.php
Arquivo não encontrado: dash.php.php
Arquivo não encontrado: C:\xampp\htdocs\promais/.php
Arquivo não encontrado: C:\xampp\htdocs\promais/cadastros/.php
Arquivo não encontrado: C:\xampp\htdocs\promais/dash.php.php
Módulo completamente não encontrado: 
Tentando incluir página: 
- Page: NULL
- ModulesDir: cadastros/
- PageDefault: dash.php
- Diretório atual: C:\xampp\htdocs\promais
- Arquivos no diretório atual:
  * analise_detalhada.php
  * api
  * api.php
  * assets
  * auth.php
  * auth_debug.log
  * cadastros
  * config
  * dash.php
  * documento.txt
  * errors
  * estilo.css
  * img
  * index.php
  * lock.php
  * log_helpers.php
  * login.php
  * logins.log
  * logout.php
  * modules
  * mysql
  * node_modules
  * package-lock.json
  * package.json
  * page_inclusion_debug.log
  * painel.php
  * painel2.php
  * save_theme.php
  * teste.php
  * teste_db.php
  * teste_relacoes.php
  * usr_json.php
  * usuarios.php
Arquivo não encontrado: .php
Arquivo não encontrado: cadastros/.php
Arquivo não encontrado: dash.php.php
Arquivo não encontrado: C:\xampp\htdocs\promais/.php
Arquivo não encontrado: C:\xampp\htdocs\promais/cadastros/.php
Arquivo não encontrado: C:\xampp\htdocs\promais/dash.php.php
Módulo completamente não encontrado: 
